<?xml version="1.0" encoding="UTF-8"?>
<!-- Generated by org.testng.reporters.JUnitReportReporter -->
<testsuite hostname="LAPTOP-TED8T6VL" failures="0" tests="1"
	name="testng.danphe.patientReg.NewTest" time="0.001" errors="0"
	timestamp="2024-05-05T16:11:30 IST" skipped="0">
	<testcase classname="testng.danphe.patientReg.NewTest" name="f" time="0.001" />
</testsuite> <!--
testng.danphe.patientReg.NewTest -->
