<?xml version="1.0" encoding="UTF-8"?>
<!-- Generated by org.testng.reporters.JUnitReportReporter -->
<testsuite hostname="LAPTOP-TED8T6VL" failures="0" tests="2"
	name="testng.danphe.patientReg.LoginEdgeTest" time="7.327" errors="0"
	timestamp="2024-05-05T18:45:01 IST" skipped="0">
	<testcase classname="testng.danphe.patientReg.LoginEdgeTest"
		name="verifyDanpheEmrHeader" time="0.118" />
	<testcase classname="testng.danphe.patientReg.LoginEdgeTest"
		name="userLoginAndCheckDashboard" time="7.209" />
</testsuite> <!--
testng.danphe.patientReg.LoginEdgeTest -->
