<?xml version="1.0" encoding="UTF-8"?>
<!-- Generated by org.testng.reporters.JUnitReportReporter -->
<testsuite hostname="LAPTOP-TED8T6VL" failures="0" tests="2"
	name="testng.danphe.patientReg.DemoTest" time="0.003" errors="0"
	timestamp="2024-05-05T16:11:30 IST" skipped="0">
	<testcase classname="testng.danphe.patientReg.DemoTest"
		name="verifyDanpheEmrHeader" time="0.002" />
	<testcase classname="testng.danphe.patientReg.DemoTest" name="f"
		time="0.001" />
</testsuite> <!-- testng.danphe.patientReg.DemoTest -->
