<?xml version="1.0" encoding="UTF-8"?>
<!-- Generated by org.testng.reporters.JUnitReportReporter -->
<testsuite hostname="LAPTOP-TED8T6VL" failures="0" tests="9" name="testng.danphe.patientReg.LoginTest" time="12.212" errors="0" timestamp="2024-05-06T20:27:18 IST" skipped="0">
  <testcase classname="testng.danphe.patientReg.LoginTest" name="verifyDanpheEmrHeader" time="0.201"/>
  <testcase classname="testng.danphe.patientReg.LoginTest" name="userLoginAndCheckDashboard" time="5.614"/>
  <testcase classname="testng.danphe.patientReg.LoginTest" name="verifyPatientMenuAndNavigateToSearch" time="4.043"/>
  <testcase classname="testng.danphe.patientReg.LoginTest" name="navigateToPatientRegistration" time="0.274"/>
  <testcase classname="testng.danphe.patientReg.LoginTest" name="verifyMandatoryFields" time="0.451"/>
  <testcase classname="testng.danphe.patientReg.LoginTest" name="navigateToInsurancePage" time="0.339"/>
  <testcase classname="testng.danphe.patientReg.LoginTest" name="verifyMandatoryInsuranceFields" time="0.466"/>
  <testcase classname="testng.danphe.patientReg.LoginTest" name="navigateToAddressPageAndValidate" time="0.415"/>
  <testcase classname="testng.danphe.patientReg.LoginTest" name="verifyMandatoryAddressFields" time="0.409"/>
</testsuite> <!-- testng.danphe.patientReg.LoginTest -->
