<?xml version="1.0" encoding="UTF-8"?>
<!-- Generated by org.testng.reporters.JUnitReportReporter -->
<testsuite hostname="LAPTOP-TED8T6VL" failures="0" tests="2"
	name="testng.danphe.patientReg.Annotations" time="8.298" errors="0"
	timestamp="2024-05-05T18:41:54 IST" skipped="0">
	<testcase classname="testng.danphe.patientReg.Annotations" name="f1"
		time="0.323" />
	<testcase classname="testng.danphe.patientReg.Annotations" name="f2"
		time="7.975" />
</testsuite> <!-- testng.danphe.patientReg.Annotations -->
